<?xml version="1.0" encoding="UTF-8"?>
<testng-results ignored="0" total="1" passed="1" failed="0" skipped="0">
  <reporter-output>
  </reporter-output>
  <suite started-at="2026-02-26T15:27:53 IST" name="Default suite" finished-at="2026-02-26T15:28:02 IST" duration-ms="9209">
    <groups>
    </groups>
    <test started-at="2026-02-26T15:27:53 IST" name="Default test" finished-at="2026-02-26T15:28:02 IST" duration-ms="9209">
      <class name="tests.OpenAmazon">
        <test-method signature="searchMobile()[pri:0, instance:tests.OpenAmazon@3349e9bb]" started-at="2026-02-26T15:27:53 IST" name="searchMobile" finished-at="2026-02-26T15:28:02 IST" duration-ms="9073" status="PASS">
          <reporter-output>
          </reporter-output>
        </test-method> <!-- searchMobile -->
      </class> <!-- tests.OpenAmazon -->
    </test> <!-- Default test -->
  </suite> <!-- Default suite -->
</testng-results>
